mode: set
elmariofredo/meditate/pkg/apis/meditate/v1beta1/register.go:28.53,30.2 1 0
elmariofredo/meditate/pkg/apis/meditate/v1beta1/sync_types.go:44.13,46.2 1 1
elmariofredo/meditate/pkg/apis/meditate/v1beta1/zz_generated.deepcopy.go:12.41,19.2 6 1
elmariofredo/meditate/pkg/apis/meditate/v1beta1/zz_generated.deepcopy.go:22.34,23.15 1 1
elmariofredo/meditate/pkg/apis/meditate/v1beta1/zz_generated.deepcopy.go:26.2,28.12 3 1
elmariofredo/meditate/pkg/apis/meditate/v1beta1/zz_generated.deepcopy.go:23.15,25.3 1 0
elmariofredo/meditate/pkg/apis/meditate/v1beta1/zz_generated.deepcopy.go:32.49,33.34 1 0
elmariofredo/meditate/pkg/apis/meditate/v1beta1/zz_generated.deepcopy.go:36.2,36.12 1 0
elmariofredo/meditate/pkg/apis/meditate/v1beta1/zz_generated.deepcopy.go:33.34,35.3 1 0
elmariofredo/meditate/pkg/apis/meditate/v1beta1/zz_generated.deepcopy.go:40.49,44.21 4 0
elmariofredo/meditate/pkg/apis/meditate/v1beta1/zz_generated.deepcopy.go:51.2,51.8 1 0
elmariofredo/meditate/pkg/apis/meditate/v1beta1/zz_generated.deepcopy.go:44.21,47.22 3 0
elmariofredo/meditate/pkg/apis/meditate/v1beta1/zz_generated.deepcopy.go:47.22,49.4 1 0
elmariofredo/meditate/pkg/apis/meditate/v1beta1/zz_generated.deepcopy.go:55.42,56.15 1 0
elmariofredo/meditate/pkg/apis/meditate/v1beta1/zz_generated.deepcopy.go:59.2,61.12 3 0
elmariofredo/meditate/pkg/apis/meditate/v1beta1/zz_generated.deepcopy.go:56.15,58.3 1 0
elmariofredo/meditate/pkg/apis/meditate/v1beta1/zz_generated.deepcopy.go:65.53,66.34 1 0
elmariofredo/meditate/pkg/apis/meditate/v1beta1/zz_generated.deepcopy.go:69.2,69.12 1 0
elmariofredo/meditate/pkg/apis/meditate/v1beta1/zz_generated.deepcopy.go:66.34,68.3 1 0
elmariofredo/meditate/pkg/apis/meditate/v1beta1/zz_generated.deepcopy.go:73.49,76.2 2 0
elmariofredo/meditate/pkg/apis/meditate/v1beta1/zz_generated.deepcopy.go:79.42,80.15 1 0
elmariofredo/meditate/pkg/apis/meditate/v1beta1/zz_generated.deepcopy.go:83.2,85.12 3 0
elmariofredo/meditate/pkg/apis/meditate/v1beta1/zz_generated.deepcopy.go:80.15,82.3 1 0
elmariofredo/meditate/pkg/apis/meditate/v1beta1/zz_generated.deepcopy.go:89.53,92.2 2 0
elmariofredo/meditate/pkg/apis/meditate/v1beta1/zz_generated.deepcopy.go:95.46,96.15 1 0
elmariofredo/meditate/pkg/apis/meditate/v1beta1/zz_generated.deepcopy.go:99.2,101.12 3 0
elmariofredo/meditate/pkg/apis/meditate/v1beta1/zz_generated.deepcopy.go:96.15,98.3 1 0
elmariofredo/meditate/pkg/controller/sync/sync_controller.go:34.37,36.2 1 0
elmariofredo/meditate/pkg/controller/sync/sync_controller.go:39.62,41.2 1 1
elmariofredo/meditate/pkg/controller/sync/sync_controller.go:44.61,47.16 2 1
elmariofredo/meditate/pkg/controller/sync/sync_controller.go:52.2,53.16 2 1
elmariofredo/meditate/pkg/controller/sync/sync_controller.go:59.2,63.16 2 1
elmariofredo/meditate/pkg/controller/sync/sync_controller.go:67.2,67.12 1 1
elmariofredo/meditate/pkg/controller/sync/sync_controller.go:47.16,49.3 1 0
elmariofredo/meditate/pkg/controller/sync/sync_controller.go:53.16,55.3 1 0
elmariofredo/meditate/pkg/controller/sync/sync_controller.go:63.16,65.3 1 0
elmariofredo/meditate/pkg/controller/sync/sync_controller.go:87.88,91.16 3 1
elmariofredo/meditate/pkg/controller/sync/sync_controller.go:103.2,125.90 2 1
elmariofredo/meditate/pkg/controller/sync/sync_controller.go:131.2,133.42 3 1
elmariofredo/meditate/pkg/controller/sync/sync_controller.go:145.2,145.49 1 1
elmariofredo/meditate/pkg/controller/sync/sync_controller.go:153.2,153.32 1 0
elmariofredo/meditate/pkg/controller/sync/sync_controller.go:91.16,92.29 1 0
elmariofredo/meditate/pkg/controller/sync/sync_controller.go:98.3,98.33 1 0
elmariofredo/meditate/pkg/controller/sync/sync_controller.go:92.29,96.4 1 0
elmariofredo/meditate/pkg/controller/sync/sync_controller.go:125.90,127.3 1 0
elmariofredo/meditate/pkg/controller/sync/sync_controller.go:133.42,136.17 3 1
elmariofredo/meditate/pkg/controller/sync/sync_controller.go:136.17,138.4 1 0
elmariofredo/meditate/pkg/controller/sync/sync_controller.go:139.8,139.23 1 0
elmariofredo/meditate/pkg/controller/sync/sync_controller.go:139.23,141.3 1 0
elmariofredo/meditate/pkg/controller/sync/sync_controller.go:145.49,149.17 4 1
elmariofredo/meditate/pkg/controller/sync/sync_controller.go:149.17,151.4 1 1
